{"/Users/Pulkit_Agarwal-BNG/Assignments/ReactNative/Library/src/Components/BookAuthorBar/BookAuthorBar.js": {"path":"/Users/Pulkit_Agarwal-BNG/Assignments/ReactNative/Library/src/Components/BookAuthorBar/BookAuthorBar.js","statementMap":{"0":{"start":{"line":8,"column":28},"end":{"line":11,"column":10}},"1":{"start":{"line":9,"column":6},"end":{"line":9,"column":82}},"2":{"start":{"line":10,"column":6},"end":{"line":10,"column":25}},"3":{"start":{"line":12,"column":4},"end":{"line":12,"column":39}},"4":{"start":{"line":16,"column":28},"end":{"line":16,"column":38}},"5":{"start":{"line":17,"column":4},"end":{"line":21,"column":6}},"6":{"start":{"line":25,"column":0},"end":{"line":27,"column":2}}},"fnMap":{"0":{"name":"(anonymous_0)","decl":{"start":{"line":7,"column":24},"end":{"line":7,"column":25}},"loc":{"start":{"line":7,"column":41},"end":{"line":13,"column":3}},"line":7},"1":{"name":"(anonymous_1)","decl":{"start":{"line":8,"column":47},"end":{"line":8,"column":48}},"loc":{"start":{"line":8,"column":73},"end":{"line":11,"column":5}},"line":8},"2":{"name":"(anonymous_2)","decl":{"start":{"line":15,"column":2},"end":{"line":15,"column":3}},"loc":{"start":{"line":15,"column":11},"end":{"line":22,"column":3}},"line":15}},"branchMap":{},"s":{"0":29,"1":40,"2":40,"3":29,"4":29,"5":29,"6":3},"f":{"0":29,"1":40,"2":29},"b":{},"_coverageSchema":"43e27e138ebf9cfc5966b082cf9a028302ed4184","hash":"e46317ef23baa6738082568ca2aeb00e71247c73"}
,"/Users/Pulkit_Agarwal-BNG/Assignments/ReactNative/Library/src/Components/BookAuthorBar/BookAuthorBar.style.js": {"path":"/Users/Pulkit_Agarwal-BNG/Assignments/ReactNative/Library/src/Components/BookAuthorBar/BookAuthorBar.style.js","statementMap":{},"fnMap":{},"branchMap":{},"s":{},"f":{},"b":{},"_coverageSchema":"43e27e138ebf9cfc5966b082cf9a028302ed4184","hash":"9cd228a8c7b408f94ab5e0e0850ea51e24f5ca46"}
,"/Users/Pulkit_Agarwal-BNG/Assignments/ReactNative/Library/src/Components/BookCard/BookCard.component.js": {"path":"/Users/Pulkit_Agarwal-BNG/Assignments/ReactNative/Library/src/Components/BookCard/BookCard.component.js","statementMap":{"0":{"start":{"line":13,"column":4},"end":{"line":15,"column":15}},"1":{"start":{"line":19,"column":4},"end":{"line":21,"column":13}},"2":{"start":{"line":26,"column":4},"end":{"line":31,"column":7}},"3":{"start":{"line":35,"column":21},"end":{"line":35,"column":31}},"4":{"start":{"line":38,"column":8},"end":{"line":38,"column":12}},"5":{"start":{"line":44,"column":4},"end":{"line":56,"column":6}},"6":{"start":{"line":60,"column":0},"end":{"line":70,"column":2}},"7":{"start":{"line":72,"column":0},"end":{"line":78,"column":2}}},"fnMap":{"0":{"name":"(anonymous_0)","decl":{"start":{"line":12,"column":24},"end":{"line":12,"column":25}},"loc":{"start":{"line":13,"column":4},"end":{"line":15,"column":15}},"line":13},"1":{"name":"(anonymous_1)","decl":{"start":{"line":18,"column":16},"end":{"line":18,"column":17}},"loc":{"start":{"line":19,"column":4},"end":{"line":21,"column":13}},"line":19},"2":{"name":"(anonymous_2)","decl":{"start":{"line":25,"column":13},"end":{"line":25,"column":14}},"loc":{"start":{"line":26,"column":4},"end":{"line":31,"column":7}},"line":26},"3":{"name":"(anonymous_3)","decl":{"start":{"line":34,"column":2},"end":{"line":34,"column":3}},"loc":{"start":{"line":34,"column":11},"end":{"line":57,"column":3}},"line":34}},"branchMap":{"0":{"loc":{"start":{"line":13,"column":4},"end":{"line":15,"column":15}},"type":"cond-expr","locations":[{"start":{"line":14,"column":9},"end":{"line":14,"column":48}},{"start":{"line":15,"column":9},"end":{"line":15,"column":14}}],"line":13},"1":{"loc":{"start":{"line":13,"column":5},"end":{"line":13,"column":46}},"type":"binary-expr","locations":[{"start":{"line":13,"column":5},"end":{"line":13,"column":26}},{"start":{"line":13,"column":30},"end":{"line":13,"column":46}}],"line":13},"2":{"loc":{"start":{"line":19,"column":4},"end":{"line":21,"column":13}},"type":"cond-expr","locations":[{"start":{"line":20,"column":9},"end":{"line":20,"column":94}},{"start":{"line":21,"column":8},"end":{"line":21,"column":13}}],"line":19},"3":{"loc":{"start":{"line":19,"column":5},"end":{"line":19,"column":48}},"type":"binary-expr","locations":[{"start":{"line":19,"column":5},"end":{"line":19,"column":27}},{"start":{"line":19,"column":31},"end":{"line":19,"column":48}}],"line":19},"4":{"loc":{"start":{"line":26,"column":4},"end":{"line":31,"column":7}},"type":"cond-expr","locations":[{"start":{"line":28,"column":8},"end":{"line":28,"column":84}},{"start":{"line":30,"column":8},"end":{"line":30,"column":97}}],"line":26},"5":{"loc":{"start":{"line":26,"column":5},"end":{"line":26,"column":90}},"type":"binary-expr","locations":[{"start":{"line":26,"column":5},"end":{"line":26,"column":29}},{"start":{"line":26,"column":33},"end":{"line":26,"column":52}},{"start":{"line":26,"column":56},"end":{"line":26,"column":90}}],"line":26}},"s":{"0":39,"1":39,"2":39,"3":37,"4":37,"5":37,"6":2,"7":2},"f":{"0":39,"1":39,"2":39,"3":37},"b":{"0":[35,4],"1":[39,35],"2":[13,26],"3":[39,13],"4":[3,36],"5":[39,36,36]},"_coverageSchema":"43e27e138ebf9cfc5966b082cf9a028302ed4184","hash":"b5a9e89cff561cfe2fef173e3d4a5ef5fdacb4fa"}
,"/Users/Pulkit_Agarwal-BNG/Assignments/ReactNative/Library/src/Components/BookCard/BookCard.style.js": {"path":"/Users/Pulkit_Agarwal-BNG/Assignments/ReactNative/Library/src/Components/BookCard/BookCard.style.js","statementMap":{},"fnMap":{},"branchMap":{},"s":{},"f":{},"b":{},"_coverageSchema":"43e27e138ebf9cfc5966b082cf9a028302ed4184","hash":"a7da598be24882f2df70ca93b810c3b06de10c02"}
,"/Users/Pulkit_Agarwal-BNG/Assignments/ReactNative/Library/src/Components/BooksOnSearchKey/BooksOnSearchKey.component.js": {"path":"/Users/Pulkit_Agarwal-BNG/Assignments/ReactNative/Library/src/Components/BooksOnSearchKey/BooksOnSearchKey.component.js","statementMap":{"0":{"start":{"line":10,"column":50},"end":{"line":12,"column":3}},"1":{"start":{"line":20,"column":27},"end":{"line":20,"column":37}},"2":{"start":{"line":21,"column":26},"end":{"line":21,"column":36}},"3":{"start":{"line":22,"column":4},"end":{"line":26,"column":5}},"4":{"start":{"line":23,"column":31},"end":{"line":23,"column":107}},"5":{"start":{"line":24,"column":6},"end":{"line":24,"column":86}},"6":{"start":{"line":25,"column":6},"end":{"line":25,"column":76}},"7":{"start":{"line":30,"column":38},"end":{"line":30,"column":48}},"8":{"start":{"line":31,"column":4},"end":{"line":34,"column":11}},"9":{"start":{"line":32,"column":6},"end":{"line":32,"column":111}},"10":{"start":{"line":33,"column":6},"end":{"line":33,"column":25}},"11":{"start":{"line":38,"column":26},"end":{"line":38,"column":36}},"12":{"start":{"line":39,"column":4},"end":{"line":43,"column":5}},"13":{"start":{"line":40,"column":6},"end":{"line":42,"column":8}},"14":{"start":{"line":44,"column":4},"end":{"line":48,"column":6}},"15":{"start":{"line":52,"column":0},"end":{"line":54,"column":2}}},"fnMap":{"0":{"name":"(anonymous_0)","decl":{"start":{"line":10,"column":29},"end":{"line":10,"column":30}},"loc":{"start":{"line":10,"column":50},"end":{"line":12,"column":3}},"line":10},"1":{"name":"(anonymous_1)","decl":{"start":{"line":19,"column":2},"end":{"line":19,"column":3}},"loc":{"start":{"line":19,"column":28},"end":{"line":27,"column":3}},"line":19},"2":{"name":"(anonymous_2)","decl":{"start":{"line":29,"column":20},"end":{"line":29,"column":21}},"loc":{"start":{"line":29,"column":26},"end":{"line":35,"column":3}},"line":29},"3":{"name":"(anonymous_3)","decl":{"start":{"line":31,"column":40},"end":{"line":31,"column":41}},"loc":{"start":{"line":31,"column":73},"end":{"line":34,"column":5}},"line":31},"4":{"name":"(anonymous_4)","decl":{"start":{"line":37,"column":2},"end":{"line":37,"column":3}},"loc":{"start":{"line":37,"column":11},"end":{"line":49,"column":3}},"line":37}},"branchMap":{"0":{"loc":{"start":{"line":22,"column":4},"end":{"line":26,"column":5}},"type":"if","locations":[{"start":{"line":22,"column":4},"end":{"line":26,"column":5}},{"start":{"line":22,"column":4},"end":{"line":26,"column":5}}],"line":22},"1":{"loc":{"start":{"line":39,"column":4},"end":{"line":43,"column":5}},"type":"if","locations":[{"start":{"line":39,"column":4},"end":{"line":43,"column":5}},{"start":{"line":39,"column":4},"end":{"line":43,"column":5}}],"line":39}},"s":{"0":0,"1":5,"2":5,"3":5,"4":5,"5":4,"6":4,"7":10,"8":10,"9":80,"10":80,"11":12,"12":12,"13":3,"14":9,"15":1},"f":{"0":0,"1":5,"2":10,"3":80,"4":12},"b":{"0":[5,0],"1":[3,9]},"_coverageSchema":"43e27e138ebf9cfc5966b082cf9a028302ed4184","hash":"4a57ea5a7096d8b1a38d82ce2459c8770fd9c403"}
,"/Users/Pulkit_Agarwal-BNG/Assignments/ReactNative/Library/src/Components/SearchBooks/SearchBooks.component.js": {"path":"/Users/Pulkit_Agarwal-BNG/Assignments/ReactNative/Library/src/Components/SearchBooks/SearchBooks.component.js","statementMap":{"0":{"start":{"line":15,"column":27},"end":{"line":15,"column":37}},"1":{"start":{"line":16,"column":26},"end":{"line":16,"column":36}},"2":{"start":{"line":17,"column":4},"end":{"line":19,"column":7}},"3":{"start":{"line":23,"column":4},"end":{"line":28,"column":6}},"4":{"start":{"line":25,"column":185},"end":{"line":25,"column":219}},"5":{"start":{"line":32,"column":0},"end":{"line":34,"column":2}}},"fnMap":{"0":{"name":"(anonymous_0)","decl":{"start":{"line":14,"column":13},"end":{"line":14,"column":14}},"loc":{"start":{"line":14,"column":19},"end":{"line":20,"column":3}},"line":14},"1":{"name":"(anonymous_1)","decl":{"start":{"line":22,"column":2},"end":{"line":22,"column":3}},"loc":{"start":{"line":22,"column":11},"end":{"line":29,"column":3}},"line":22},"2":{"name":"(anonymous_2)","decl":{"start":{"line":25,"column":177},"end":{"line":25,"column":178}},"loc":{"start":{"line":25,"column":185},"end":{"line":25,"column":219}},"line":25}},"branchMap":{},"s":{"0":3,"1":3,"2":3,"3":6,"4":2,"5":1},"f":{"0":3,"1":6,"2":2},"b":{},"_coverageSchema":"43e27e138ebf9cfc5966b082cf9a028302ed4184","hash":"f2b641991b46d9b3a646fc4ad4bb21075a2745d0"}
,"/Users/Pulkit_Agarwal-BNG/Assignments/ReactNative/Library/src/Components/SearchBooks/SearchBooks.style.js": {"path":"/Users/Pulkit_Agarwal-BNG/Assignments/ReactNative/Library/src/Components/SearchBooks/SearchBooks.style.js","statementMap":{},"fnMap":{},"branchMap":{},"s":{},"f":{},"b":{},"_coverageSchema":"43e27e138ebf9cfc5966b082cf9a028302ed4184","hash":"41d9ec271310c4fcbbd0fcbec71ac4c097a01c1e"}
,"/Users/Pulkit_Agarwal-BNG/Assignments/ReactNative/Library/src/Helper/GetBooksOnSearchKey.js": {"path":"/Users/Pulkit_Agarwal-BNG/Assignments/ReactNative/Library/src/Helper/GetBooksOnSearchKey.js","statementMap":{"0":{"start":{"line":5,"column":2},"end":{"line":5,"column":29}},"1":{"start":{"line":6,"column":2},"end":{"line":10,"column":5}}},"fnMap":{"0":{"name":"(anonymous_0)","decl":{"start":{"line":4,"column":15},"end":{"line":4,"column":16}},"loc":{"start":{"line":4,"column":32},"end":{"line":11,"column":1}},"line":4}},"branchMap":{},"s":{"0":0,"1":0},"f":{"0":0},"b":{},"_coverageSchema":"43e27e138ebf9cfc5966b082cf9a028302ed4184","hash":"0191ab697d625dc7870028a2b782613df8e3aa83"}
,"/Users/Pulkit_Agarwal-BNG/Assignments/ReactNative/Library/src/Images/defaultBook.jpg": {"path":"/Users/Pulkit_Agarwal-BNG/Assignments/ReactNative/Library/src/Images/defaultBook.jpg","statementMap":{"0":{"start":{"line":1,"column":0},"end":{"line":4,"column":6}}},"fnMap":{},"branchMap":{},"s":{"0":2},"f":{},"b":{},"_coverageSchema":"43e27e138ebf9cfc5966b082cf9a028302ed4184","hash":"47bc04bce9018758e7ef4bc455954dececffe0a2"}
,"/Users/Pulkit_Agarwal-BNG/Assignments/ReactNative/Library/src/Images/library.jpg": {"path":"/Users/Pulkit_Agarwal-BNG/Assignments/ReactNative/Library/src/Images/library.jpg","statementMap":{"0":{"start":{"line":1,"column":0},"end":{"line":4,"column":6}}},"fnMap":{},"branchMap":{},"s":{"0":1},"f":{},"b":{},"_coverageSchema":"43e27e138ebf9cfc5966b082cf9a028302ed4184","hash":"412177b5eb8278a4eaa0bf324e1776d3d613e322"}
,"/Users/Pulkit_Agarwal-BNG/Assignments/ReactNative/Library/src/TestData/TestData.js": {"path":"/Users/Pulkit_Agarwal-BNG/Assignments/ReactNative/Library/src/TestData/TestData.js","statementMap":{},"fnMap":{},"branchMap":{},"s":{},"f":{},"b":{},"_coverageSchema":"43e27e138ebf9cfc5966b082cf9a028302ed4184","hash":"fa039e7f7ba5f84a6cc476b886b01e80f8706abe"}
,"/Users/Pulkit_Agarwal-BNG/Assignments/ReactNative/Library/src/URL/Books.url.js": {"path":"/Users/Pulkit_Agarwal-BNG/Assignments/ReactNative/Library/src/URL/Books.url.js","statementMap":{"0":{"start":{"line":1,"column":32},"end":{"line":1,"column":77}}},"fnMap":{},"branchMap":{},"s":{"0":1},"f":{},"b":{},"_coverageSchema":"43e27e138ebf9cfc5966b082cf9a028302ed4184","hash":"f01e2e4349f891b2695968852d05ee46af92a972"}
}
