TN:
SF:/Users/Pulkit_Agarwal-BNG/Assignments/ReactNative/Library/src/Components/BookAuthorBar/BookAuthorBar.js
FN:7,(anonymous_0)
FN:8,(anonymous_1)
FN:15,(anonymous_2)
FNF:3
FNH:3
FNDA:29,(anonymous_0)
FNDA:40,(anonymous_1)
FNDA:29,(anonymous_2)
DA:8,29
DA:9,40
DA:10,40
DA:12,29
DA:16,29
DA:17,29
DA:25,3
LF:7
LH:7
BRF:0
BRH:0
end_of_record
TN:
SF:/Users/Pulkit_Agarwal-BNG/Assignments/ReactNative/Library/src/Components/BookAuthorBar/BookAuthorBar.style.js
FNF:0
FNH:0
LF:0
LH:0
BRF:0
BRH:0
end_of_record
TN:
SF:/Users/Pulkit_Agarwal-BNG/Assignments/ReactNative/Library/src/Components/BookCard/BookCard.component.js
FN:12,(anonymous_0)
FN:18,(anonymous_1)
FN:25,(anonymous_2)
FN:34,(anonymous_3)
FNF:4
FNH:4
FNDA:39,(anonymous_0)
FNDA:39,(anonymous_1)
FNDA:39,(anonymous_2)
FNDA:37,(anonymous_3)
DA:13,39
DA:19,39
DA:26,39
DA:35,37
DA:38,37
DA:44,37
DA:60,2
DA:72,2
LF:8
LH:8
BRDA:13,0,0,35
BRDA:13,0,1,4
BRDA:13,1,0,39
BRDA:13,1,1,35
BRDA:19,2,0,13
BRDA:19,2,1,26
BRDA:19,3,0,39
BRDA:19,3,1,13
BRDA:26,4,0,3
BRDA:26,4,1,36
BRDA:26,5,0,39
BRDA:26,5,1,36
BRDA:26,5,2,36
BRF:13
BRH:13
end_of_record
TN:
SF:/Users/Pulkit_Agarwal-BNG/Assignments/ReactNative/Library/src/Components/BookCard/BookCard.style.js
FNF:0
FNH:0
LF:0
LH:0
BRF:0
BRH:0
end_of_record
TN:
SF:/Users/Pulkit_Agarwal-BNG/Assignments/ReactNative/Library/src/Components/BooksOnSearchKey/BooksOnSearchKey.component.js
FN:10,(anonymous_0)
FN:19,(anonymous_1)
FN:29,(anonymous_2)
FN:31,(anonymous_3)
FN:37,(anonymous_4)
FNF:5
FNH:4
FNDA:0,(anonymous_0)
FNDA:5,(anonymous_1)
FNDA:10,(anonymous_2)
FNDA:80,(anonymous_3)
FNDA:12,(anonymous_4)
DA:10,0
DA:20,5
DA:21,5
DA:22,5
DA:23,5
DA:24,4
DA:25,4
DA:30,10
DA:31,10
DA:32,80
DA:33,80
DA:38,12
DA:39,12
DA:40,3
DA:44,9
DA:52,1
LF:16
LH:15
BRDA:22,0,0,5
BRDA:22,0,1,0
BRDA:39,1,0,3
BRDA:39,1,1,9
BRF:4
BRH:3
end_of_record
TN:
SF:/Users/Pulkit_Agarwal-BNG/Assignments/ReactNative/Library/src/Components/SearchBooks/SearchBooks.component.js
FN:14,(anonymous_0)
FN:22,(anonymous_1)
FN:25,(anonymous_2)
FNF:3
FNH:3
FNDA:3,(anonymous_0)
FNDA:6,(anonymous_1)
FNDA:2,(anonymous_2)
DA:15,3
DA:16,3
DA:17,3
DA:23,6
DA:25,2
DA:32,1
LF:6
LH:6
BRF:0
BRH:0
end_of_record
TN:
SF:/Users/Pulkit_Agarwal-BNG/Assignments/ReactNative/Library/src/Components/SearchBooks/SearchBooks.style.js
FNF:0
FNH:0
LF:0
LH:0
BRF:0
BRH:0
end_of_record
TN:
SF:/Users/Pulkit_Agarwal-BNG/Assignments/ReactNative/Library/src/Helper/GetBooksOnSearchKey.js
FN:4,(anonymous_0)
FNF:1
FNH:0
FNDA:0,(anonymous_0)
DA:5,0
DA:6,0
LF:2
LH:0
BRF:0
BRH:0
end_of_record
TN:
SF:/Users/Pulkit_Agarwal-BNG/Assignments/ReactNative/Library/src/Images/defaultBook.jpg
FNF:0
FNH:0
DA:1,2
LF:1
LH:1
BRF:0
BRH:0
end_of_record
TN:
SF:/Users/Pulkit_Agarwal-BNG/Assignments/ReactNative/Library/src/Images/library.jpg
FNF:0
FNH:0
DA:1,1
LF:1
LH:1
BRF:0
BRH:0
end_of_record
TN:
SF:/Users/Pulkit_Agarwal-BNG/Assignments/ReactNative/Library/src/TestData/TestData.js
FNF:0
FNH:0
LF:0
LH:0
BRF:0
BRH:0
end_of_record
TN:
SF:/Users/Pulkit_Agarwal-BNG/Assignments/ReactNative/Library/src/URL/Books.url.js
FNF:0
FNH:0
DA:1,1
LF:1
LH:1
BRF:0
BRH:0
end_of_record
